c:\2курс, 1 сем\кпо\20\lexer_2\lexer\lexer\debug\vc142.pdb
c:\2курс, 1 сем\кпо\20\lexer_2\lexer\lexer\debug\vc142.idb
c:\2курс, 1 сем\кпо\20\lexer_2\lexer\lexer\debug\parm.obj
c:\2курс, 1 сем\кпо\20\lexer_2\lexer\lexer\debug\out.obj
c:\2курс, 1 сем\кпо\20\lexer_2\lexer\lexer\debug\main.obj
c:\2курс, 1 сем\кпо\20\lexer_2\lexer\lexer\debug\lt.obj
c:\2курс, 1 сем\кпо\20\lexer_2\lexer\lexer\debug\log.obj
c:\2курс, 1 сем\кпо\20\lexer_2\lexer\lexer\debug\it.obj
c:\2курс, 1 сем\кпо\20\lexer_2\lexer\lexer\debug\in.obj
c:\2курс, 1 сем\кпо\20\lexer_2\lexer\lexer\debug\fst.obj
c:\2курс, 1 сем\кпо\20\lexer_2\lexer\lexer\debug\error.obj
c:\2курс, 1 сем\кпо\20\lexer_2\lexer\lexer\debug\lexicalanalysis.obj
c:\2курс, 1 сем\кпо\20\lexer_2\lexer\debug\lexer.exe
c:\2курс, 1 сем\кпо\20\lexer_2\lexer\lexer\debug\lexer.ilk
c:\2курс, 1 сем\кпо\20\lexer_2\lexer\debug\lexer.pdb
c:\users\rubas\desktop\универ\2-1\kpo\lexer\lexer\debug\error.obj
c:\users\rubas\desktop\универ\2-1\kpo\lexer\lexer\debug\fst.obj
c:\users\rubas\desktop\универ\2-1\kpo\lexer\lexer\debug\in.obj
c:\users\rubas\desktop\универ\2-1\kpo\lexer\lexer\debug\it.obj
c:\users\rubas\desktop\универ\2-1\kpo\lexer\lexer\debug\lexicalanalysis.obj
c:\users\rubas\desktop\универ\2-1\kpo\lexer\lexer\debug\log.obj
c:\users\rubas\desktop\универ\2-1\kpo\lexer\lexer\debug\lt.obj
c:\users\rubas\desktop\универ\2-1\kpo\lexer\lexer\debug\main.obj
c:\users\rubas\desktop\универ\2-1\kpo\lexer\lexer\debug\out.obj
c:\users\rubas\desktop\универ\2-1\kpo\lexer\lexer\debug\parm.obj
c:\users\rubas\desktop\универ\2-1\kpo\lexer\lexer\debug\lexicalanalysis.obj.enc
c:\users\rubas\desktop\универ\2-1\kpo\lexer\lexer\debug\lexer.ilk
c:\users\rubas\desktop\универ\2-1\kpo\lexer\lexer\debug\vc142.idb
c:\users\rubas\desktop\универ\2-1\kpo\lexer\lexer\debug\vc143.idb
c:\users\rubas\desktop\универ\2-1\kpo\lexer\lexer\debug\vc142.pdb
c:\users\rubas\desktop\универ\2-1\kpo\lexer\lexer\debug\vc143.pdb
c:\users\rubas\desktop\универ\2-1\kpo\lexer\debug\lexer.pdb
c:\users\rubas\desktop\универ\2-1\kpo\lexer\debug\lexer.exe
c:\users\rubas\desktop\универ\2-1\kpo\lexer\lexer\debug\lexer.tlog\cl.command.1.tlog
c:\users\rubas\desktop\универ\2-1\kpo\lexer\lexer\debug\lexer.tlog\cl.read.1.tlog
c:\users\rubas\desktop\универ\2-1\kpo\lexer\lexer\debug\lexer.tlog\cl.write.1.tlog
c:\users\rubas\desktop\универ\2-1\kpo\lexer\lexer\debug\lexer.tlog\link.command.1.tlog
c:\users\rubas\desktop\универ\2-1\kpo\lexer\lexer\debug\lexer.tlog\link.read.1.tlog
c:\users\rubas\desktop\универ\2-1\kpo\lexer\lexer\debug\lexer.tlog\link.write.1.tlog
